# Logfile created on 2016-06-07 17:06:29 +0100 by logger.rb/53141
== Activating: file_watcher
== Activating: front_matter
== Activating: data
== Activating: inline_url_rewriter
== Activating: sitemap_ondisk
== Activating: sitemap_import
== Activating: sitemap_endpoint
== Activating: sitemap_proxies
== Activating: sitemap_redirects
== Activating: sitemap_move_files
== Activating: sitemap_ignore
== Activating: show_exceptions
== Activating: external_helpers
== Activating: erb_renderer
== Activating: coffee_renderer
== Activating: haml_renderer
== Activating: sass_renderer
== Activating: markdown_renderer
== Failed Activation `liquid_renderer` : cannot load such file -- liquid
== Failed Activation `slim_renderer` : cannot load such file -- slim
== Failed Activation `less_renderer` : cannot load such file -- less
== Failed Activation `stylus_renderer` : cannot load such file -- stylus
== Activating: default_helpers
== Activating: lorem
== Activating: routing
== Activating: collections
== Change (#<Set: {:source}>): images/middleman-logo.svg
== Change (#<Set: {:source}>): index.html.erb
== Change (#<Set: {:source}>): javascripts/all.js
== Change (#<Set: {:source}>): layouts/layout.erb
== Change (#<Set: {:source, :no_frontmatter}>): stylesheets/_normalize.scss
== Change (#<Set: {:source}>): stylesheets/site.css.scss
== Rebuilding resource list
== Reading: Local config: config.rb
== Requesting resource list rebuilding: first_run_change_page
== Requesting resource list rebuilding: first_run_change_page
== Requesting resource list rebuilding: first_run_change_page
== Activating: livereload
Loaded extensions:
== Extension: file_watcher
== Extension: front_matter
== Extension: data
== Extension: inline_url_rewriter
== Extension: sitemap_ondisk
== Extension: sitemap_import
== Extension: sitemap_endpoint
== Extension: sitemap_proxies
== Extension: sitemap_redirects
== Extension: sitemap_move_files
== Extension: sitemap_ignore
== Extension: show_exceptions
== Extension: external_helpers
== Extension: erb_renderer
== Extension: coffee_renderer
== Extension: haml_renderer
== Extension: sass_renderer
== Extension: markdown_renderer
== Extension: default_helpers
== Extension: lorem
== Extension: routing
== Extension: collections
== Extension: livereload
== Change (#<Set: {:source}>): images/middleman-logo.svg
== Change (#<Set: {:source}>): index.html.erb
== Change (#<Set: {:source}>): javascripts/all.js
== Change (#<Set: {:source}>): layouts/layout.erb
== Change (#<Set: {:source, :no_frontmatter}>): stylesheets/_normalize.scss
== Change (#<Set: {:source}>): stylesheets/site.css.scss
== Rebuilding resource list
== Requesting resource list rebuilding: touched_file
== Requesting resource list rebuilding: registered_new_manipulator_front_matter
== Requesting resource list rebuilding: registered_new_manipulator_sitemap_ondisk
== Requesting resource list rebuilding: registered_new_manipulator_sitemap_import
== Requesting resource list rebuilding: registered_new_manipulator_sitemap_endpoint
== Requesting resource list rebuilding: registered_new_manipulator_sitemap_proxies
== Requesting resource list rebuilding: registered_new_manipulator_sitemap_redirects
== Requesting resource list rebuilding: registered_new_manipulator_sitemap_move_files
== Requesting resource list rebuilding: registered_new_manipulator_sitemap_ignore
== Requesting resource list rebuilding: registered_new_manipulator_routing
== Requesting resource list rebuilding: registered_new_manipulator_routing
== Requesting resource list rebuilding: registered_new_manipulator_collections
== Rebuilding resource list
== Running manipulator: sitemap_ondisk (0)
== Running manipulator: sitemap_endpoint (0)
== Running manipulator: sitemap_proxies (0)
== Running manipulator: sitemap_redirects (0)
== Running manipulator: sitemap_ignore (0)
== Running manipulator: sitemap_import (1)
== Running manipulator: routing (10)
== Running manipulator: front_matter (20)
== Running manipulator: sitemap_move_files (101)
== Running manipulator: collections (110)
== Running manipulator: routing (130)
== LiveReload accepting connections from ws://192.168.0.13:35729
== Request: /
== Finishing Request: index.html (0.01s)
== Request: /stylesheets/site.css
== Request: /javascripts/all.js
== Finishing Request: javascripts/all.js (0.0s)
== Request: /images/middleman-logo.svg
== Finishing Request: images/middleman-logo.svg (0.0s)
== Finishing Request: stylesheets/site.css (0.02s)
== LiveReload browser connected
LiveReload Browser URL: {"command":"hello","protocols":["http://livereload.com/protocols/official-6","http://livereload.com/protocols/official-7"],"ver":"2.0.8"}
== Request: /favicon.ico
